[    0000000] Lnuxverson 4.1.0-112-generic (buildd@lcy01-amd64-027) (gcc version 7.5.0 (Ubuntu 7.5.0-3ubuntu1~18.04)) #113-Ubuntu SMP Thu Jul 9 23:41:39 UTC 2020 (Ubuntu 4.15.0-112.113-generic 4.15.18)
[   0.0000] Command line: BOOT_IMAGE=/bot/vmlinuz-4.15.0-112-generic root=LABEL=cloudimg-rofs ro console=tty1 console=ttyS0
[    0.000000] KERNEL supported cpus:
[    0.000000]   Intel GeineItel
[   0.00000]  AMD uthenticAMD
[    0.000000]   Centaur CentaurHauls
[    0.000000] x86/fpu: SuppotingXSAV feture 0x001:'x87floaing pont regisers'
[   0.00000] x6/pu: Supporting XSAVE feature 0x002: 'SSE registers'
[    0.000000] x86/fpu: Supporting XSAVE feature 0x004: 'AVX registers'
[    0.000000] x86/fpu: xstate_offset[2]:  576, xstate_sizes[2]:  256
[    0.000000] x86/fpu: Enabled xstate features 0x7, context size is 832 bytes, using 'standard' format.
[   0.000000] e820: BIOS-provided physical RAM map:
[    000000] BIOS-e820: [mem 0x0000000000000000-0x000000000009fbff] usable
[    0.000000] BIOS-e820: [mem 0x00000000000fc00-x0000000009fff] resrved
[   0.000000] BIOS-e820: [mem 0x00000000000f0000-0x00000000000fffff] reserved
[    0.000000] BIO-e820: [mm 00000000000100000-0x000000007ffeffff] usable
[    0.000000] BIOS-e820: [mem 0x000000007fff0000-0x00000007ffffff ACPdata
[    0.000000] BIOS-e820: [mem 0x00000000fec00000-0x0000000fec00fff]reseved
[   0.00000]BIS-e80: [em 00000000fe0000-0x0000000fee00fff] reserved
[    0.000000] BIOS-e820: [mem 0x00000000fffc0000-0x00000000ffffffff] reserved
[   .000000] NX (Execute Disale) protection: active
[    0.000000] SMBIOS 2.5 present.
[    0.000000] DMI: innotek GmbH VirtualBox/VirtualBox, BIOS VirtualBox 12/01/2006
[    0.000000] Hypervisor detected: KVM
[    0.000000] e820: last_pfn = 0x7fff0 max_arch_pfn = 0x400000000
[    0.000000] MTRR: Disabled
[    0.000000] x86/PAT: MTRRs disabled, skipping PAT initialization too.
[    0.000000] CPU MTRRs all blank - virtualized system.
[    0.00000] x86/PAT: Configuration [0-7]: WB  WT  UC- UC  WB  WT  UC- UC  
[    0.000000] found SMP MP-tablat [mem 0x0009fff0-0x0009ffff]
[    0.000000] Scanning 1 areas for low memory corruption
[    0.000000] RAMDISK: [mem 0x35a69000-0x36d2bfff]
[    0.000000] ACPI: Early table checksum verificaiondisabled
[    0.000000] CPI: RSDP 0x000000000E000 00024 (02 VBOX )
    .00000] CPI: XT 0x000000007FFF0030 00003C (v01 VBOX   VBOXXSDT 00000001 ASL  00000061)
[    0.000000] ACPI: FACP 0x000000007FFF00F0 0000F4 (v04 VBOX   VBOXFACP 00000001 ASL  00000061)
[    0.000000] ACPI: DSDT 0x000000007FFF0470 0021FF (v02 VBOX   VBOXBIOS 00000002 INTL 20100528)
[    0.000000] ACPI: FACS 0x000000007FFF0200 000040
[    0.000000] ACPI: FACS 0x000000007FFF0200 000040
[    0.000000] ACPI: APIC 0x000000007FFF0240 00005C (v02 VBOX   VBOXAPIC 00000001 ASL  00000061)
[    0.000000] ACPI: SSDT 0x000000007FFF02A0 0001CC (v01 VBOX   VBOXCPUT 000002 INTL 20100528)
[    0.000000] No NUMA configuration found
[    0.00000]Fakng a node at em 0x0000000000000000-0x000000007ffeffff]
[    0.00000] NODE_DATA(0) allcate [mem 0x7ffc5000-0x7ffeffff]
[    0.000000] kvm-clock: cpu 0, msr 0:7ff44001, primary cpu clock
[    0.000000] kvm-clock: Using msrs 4b564d01 and 4b564d00
[    0.000000] kvm-clock: using sched offset of 503850197 cycls
[    0.000000] clocksource: kvm-clock: mask: 0xffffffffffffffff max_cycles: 0x1cd42e4dffb, max_idle_ns: 881590591483 ns
[    0.000000] Zone ranges:
[    0.000000]   DMA      [mem 0x0000000000001000-0x0000000000ffffff
[   0.00000]  DM32   [me 0x00000000100000-x000000007ffeffff]
[    0.000000]   Normal   empty
[    0.000000]   Device   empty
[    0.000000] Movable zone start for each node
[    0.000000] Early memory node ranges
[    0.000000]   node   0: [mem 0x0000000000001000-0x000000000009efff]
[    0.000000]   node   0: [mem 0x0000000000100000-0x000000007ffeffff]
[    0.000000] Reserved but unavailable: 98 pages
[    0.000000] Initmem setup node 0 [mem 0x0000000000001000-0x000000007ffeffff]
[    0.000000] ACPI: PM-Timer IO Port: 0x4008
[    0.000000] IOAPIC[0]: apic_id 2, version 32, address 0xfec00000, GSI 0-2
[    0.000000] ACPI: INT_SRC_OVR (bus 0 bus_irq0 global_irq 2 dfl dfl)
[    0.000000] AC: INT_SRC_OVR (bus 0 bus_irq 9 global_irq 9 loow level)
[    0.00000] sing ACPI (MADT) for SMP configuration information
[   0.0000] smboot:Allowing 2 CPs, 0 hotplg CPUs
[   0.00000]PM: egistered nosave memory: [mem 0x00000000-0x00000fff]
[    0.000000] PM: Registered nosave memory: [mem 0x0009f000-0x0009ffff]
[    0.000000] PM: Registered nosave memory: [mem 0x000a000-0x00effff]
[    0.000000] PM: Registered nosave memory: [mem 0x000f0000-0x000fffff]
[   0.00000] e820: [mem 0x80000000-0xfebfffff] available for PCI devices
[    0.000000] Booting paravirtualized kernel on KVM
[    0.000000] clocksource: refined-jiffies: mask: 0xffffffff max_cycles: 0xfffffff, max_idle_ns: 645519600211568 ns
[    0.000000] random: get_random_bytes called from start_kernel+0x99/0x500 with crng_init=0
[    0.000000] setup_percpu: NR_CPUS:8192nr_cpumask_bits:2 nr_cpu_ids:2 nrode_ids:1
[    0.000000] percpu: Embedded 45 pages/cpu s147456 r8192 d28672 u1048576
[    0.000000] PV qspinlock hash table entries: 256 (ordr: 0 4096 byes)
[    0.000000 Buit  zonelists, moility roupig on.  Totalpages: 515961
[   0.00000] Policy zone: DMA32
[    0.000000] Kernel command line: BOOT_IMAGE=/boot/vmlinuz-4.15.0-112-generic root=LABEL=cloudimg-rootfs ro console=tty1 console=ttyS0
[    0.000000] Memory: 2015232K/2096696K available (12300K kernel code, 2481K rwdata, 4272K rodata, 2436K init, 2720K bss, 81464K reserved, 0K cma-reserved)
[    0.000000] SLUB: HWalign=64, Order=0-3, MinObjects=0, CPUs=2, Nodes=1
[    0.000000] Kernel/User page tables isolation: enabled
[    0.000000] ftrace: allocating 39378 entries in 154 pages
[    0.004000] Hierarchical RCU implementation.
[    0.004000] 	RCU restricting CPUs from NR_CPUS=8192 to nr_cpu_ids=2.
[    0.004000] 	TasksRCU enaled.
[   0.04000] RCU Adjustig geomery for rcu_fanout_leaf=16, nrcpu_ids=2
[    0.004000] NR_IRQS: 524544, nr_irqs: 40, preallocated irqs: 16
[    0.004000] Console: colour VGA+ 80x25
[    0.004000 console [tty1] enabled
[    0.004000] console [ttyS0] enabled
[    0.004000] ACPI: Core revision 20170831
[    0.004000] ACPI: 2 ACPI AML tables successfully auired and loaded
[    0.004000] APIC: Switch to symmetrc I/O mode setup
[    0.004438] x2apic enabled
[    0.005425] Switched APIC routing to physical x2apic.
[    0.008000] ..TIMER: vector=0x30 apic1=0 pin1=2 apic2=-1 pin2=-1
[    0.008013] tsc: Detected 1800.001 MHz processor
[    0.012065] Calibrating delay loop (skipped) preset value.. 3600.00 BogoMIPS (lpj=7200004)
[    0.016013] pid_max: default: 32768 minimum: 301
[    0.020099] Security Framework initialized
[    0.024008] Yama: becoming mindful.
[    0.024777] AppArmor: AppArmor initialized
[    0.032000] Dentry cache hash table entries: 262144 (order: 9, 2097152 bytes)
[    0.036122] Inode-cache hash table entries: 131072 (order: 8, 1048576 bytes)
[    0.040035] Mount-cache hash table entries: 4096 (order: 3, 32768 bytes)
[    0.044018] Mountpoint-cache hash table entries: 4096 (order: 3, 32768 bytes)
[    0.048265] Last level iTLB entries: 4KB 64, 2MB 8, 4MB 8
[    0.052024] Last level dTLB entries: 4KB 64, 2MB 0, 4MB 0, 1GB 4
[    0.056003] Spectre V1 : Mitigation: usercopy/swapgs barriers and __user pointer sanitization
[    0.060003] Spectre V2 : Mitigation: Full generic retpoline
[    0.060875] Spectre V2 : Spectre v2 / SpectreRSB mitigation: Filling RSB on context switch
[    0.062063] Speculative Store Bypass: Vulnerable
[    0.064051] SRBDS: Unknown: Dependent on hypervisor status
[    0.064858] MDS: Vulnerable: Clear CPU buffers attempted, no microcode
[    0.065895] Freeing SMP alternatives memory: 36K
[    0.177367] smpboot: CPU0: Intel(R) Core(TM) i5-8265U CPU @ 1.60GHz (family: 0x6, model: 0x8e, stepping: 0xc)
[    0.180076] Performance Events: unsupported p6 CPU model 142 no PMU driver, software events only.
[    0.184071] Hierarchical SRCU implementation.
[    0.188675] NMI watchdog: Perf event create on CPU 0 failed with -2
[    0.189706] NMI watchdog: Perf NMI watchdog permanently disabled
[    0.192069] smp: Bringing up secondary CPUs ...
[    0.193050] x86: Booting SMP configuration:
[    0.196005] .... node  #0, CPUs:      #1
[    0.004000] kvm-clock: cpu 1, msr 0:7ff44041, secondary cpu clock
[    0.254469] smp: Brought up 1 node, 2 CPUs
[    0.256010] smpboot: Max logical packages: 1
[    0.260011] smpboot: Total of 2 processors activated (7200.00 BogoMIPS)
[    0.264174] devtmpfs: initialized
[    0.264740] x86/mm: Memory block size: 128MB
[    0.268179] evm: security.selinux
[    0.272012] evm: security.SMACK64
[    0.276004] evm: security.SMACK64EXEC
[    0.280007] evm: security.SMACK64TRANSMUTE
[    0.284005] evm: security.SMACK64MMAP
[    0.288009] evm: security.apparmor
[    0.292009] evm: security.ima
[    0.296007] evm: security.capability
[    0.300131] clocksource: jiffies: mask: 0xffffffff max_cycles: 0xffffffff, max_idle_ns: 7645041785100000 ns
[    0.301798] futex hash table entries: 512 (order: 3, 32768 bytes)
[    0.304088] pinctrl core: initialized pinctrl subsystem
[    0.308108] RTC time: 21:22:07, date: 09/01/20
[    0.312137] NET: Registered protocol family 16
[    0.312841] audit: initializing netlink subsys (disabled)
[    0.313728] audit: type=2000 audit(1598995324.093:1): state=initialized audit_enabled=0 res=1
[    0.316006] cpuidle: using governor ladder
[    0.316629] cpuidle: using governor menu
[    0.317209] ACPI: bus type PCI registered
[    0.318995] acpiphp: ACPI Hot Plug PCI Controller Driver version: 0.5
[    0.320014] PCI: Using configuration type 1 for base access
[    0.324111] HugeTLB registered 2.00 MiB page size, pre-allocated 0 pages
[    0.328081] ACPI: Added _OSI(Module Device)
[    0.332007] ACPI: Added _OSI(Processor Device)
[    0.332659] ACPI: Added _OSI(3.0 _SCP Extensions)
[    0.333312] ACPI: Added _OSI(Processor Aggregator Device)
[    0.334165] ACPI: Added _OSI(Linux-Dell-Video)
[    0.334832] ACPI: Added _OSI(Linux-Lenovo-NV-HDMI-Audio)
[    0.335546] ACPI: Added _OSI(Linux-HPI-Hybrid-Graphics)
[    0.336254] ACPI: Executed 1 blocks of module-level executable AML code
[    0.346383] ACPI: Interpreter enabled
[    0.348023] ACPI: (supports S0 S5)
[    0.348835] ACPI: Using IOAPIC for interrupt routing
[    0.349990] PCI: Using host bridge windows from ACPI; if necessary, use "pci=nocrs" and report a bug
[    0.352163] ACPI: Enabled 2 GPEs in block 00 to 07
[    0.360895] ACPI: PCI Root Bridge [PCI0] (domain 0000 [bus 00-ff])
[    0.364029] acpi PNP0A03:00: _OSC: OS supports [ASPM ClockPM Segments MSI]
[    0.368052] acpi PNP0A03:00: _OSC: not requesting OS control; OS requires [ExtendedConfig ASPM ClockPM MSI]
[    0.372026] acpi PNP0A03:00: fail to add MMCONFIG information, can't access extended PCI configuration space under this bridge.
[    0.380315] PCI host bridge to bus 0000:00
[    0.384010] pci_bus 0000:00: root bus resource [io  0x0000-0x0cf7 window]
[    0.388003] pci_bus 0000:00: root bus resource [io  0x0d00-0xffff window]
[    0.392005] pci_bus 0000:00: root bus resource [mem 0x000a0000-0x000bffff window]
[    0.400011] pci_bus 0000:00: root bus resource [mem 0x80000000-0xfdffffff window]
[    0.404017] pci_bus 0000:00: root bus resource [bus 00-ff]
[    0.413681] pci 0000:00:01.1: legacy IDE quirk: reg 0x10: [io  0x01f0-0x01f7]
[    0.416004] pci 0000:00:01.1: legacy IDE quirk: reg 0x14: [io  0x03f6]
[    0.417075] pci 0000:00:01.1: legacy IDE quirk: reg 0x18: [io  0x0170-0x0177]
[    0.420004] pci 0000:00:01.1: legacy IDE quirk: reg 0x1c: [io  0x0376]
[    0.457370] pci 0000:00:07.0: quirk: [io  0x4000-0x403f] claimed by PIIX4 ACPI
[    0.460033] pci 0000:00:07.0: quirk: [io  0x4100-0x410f] claimed by PIIX4 SMB
[    0.485105] ACPI: PCI Interrupt Link [LNKA] (IRQs 5 9 10 *11)
[    0.488281] ACPI: PCI Interrupt Link [LNKB] (IRQs 5 9 *10 11)
[    0.492265] ACPI: PCI Interrupt Link [LNKC] (IRQs 5 *9 10 11)
[    0.500198] ACPI: PCI Interrupt Link [LNKD] (IRQs 5 9 10 *11)
[    0.504572] SCSI subsystem initialized
[    0.508062] pci 0000:00:02.0: vgaarb: setting as boot VGA device
[    0.509211] pci 0000:00:02.0: vgaarb: VGA device added: decodes=io+mem,owns=io+mem,locks=none
[    0.512006] pci 0000:00:02.0: vgaarb: bridge control possible
[    0.513173] vgaarb: loaded
[    0.513891] ACPI: bus type USB registered
[    0.514795] usbcore: registered new interface driver usbfs
[    0.516017] usbcore: registered new interface driver hub
[    0.516973] usbcore: registered new device driver usb
[    0.517990] EDAC MC: Ver: 3.0.0
[    0.517990] PCI: Using ACPI for IRQ routing
[    0.520226] NetLabel: Initializing
[    0.520882] NetLabel:  domain hash size = 128
[    0.521714] NetLabel:  protocols = UNLABELED CIPSOv4 CALIPSO
[    0.522775] NetLabel:  unlabeled traffic allowed by default
[    0.524078] clocksource: Switched to clocksource kvm-clock
[    0.543675] VFSDik ot dquot_6.6.0
[    0.795280] VFS: Dquot-cache hash table entries: 512 (order 0, 4096 bytes)
[    0.796439] AppArmor: AppArmor Filesystem Enabled
[    0.797148] pnp: PnP ACPI init
[    0.79857 p: nPACI:ound devices

[  1.2795clksrceaci_pm: mask: 0xffffff max_cycles: 0xffff, max_idle_ns: 2085701024 ns
[    1.774935] NET: Registered protocol family 2

[    1.776820] TCP established hash table entries: 1684 (order: 51372 bes)

[    26832] P in hshab eri: 63 (der: 6, 262144 byes)[   .9248] TCP: Hash tables configured (established 16384 bind 16384)
[  3027]UD hh ble entes1024 rdr:3, 32768 bytes)
[    3.840381] UDP-Lite hash table entries: 1024 (order: 3, 32768 bytes)
[    3.841470] NET: Registered protocol family 1
[    3.842221] pci 0000:00:00.0: Limiting direct PCI/PCI transfers
[    3.843141] pci 0000:00:01.0: Activating ISA DMA hang workarounds
[    3.844261] pci 0000:00:02.0: Video device with shadowed ROM at [mem 0x000c0000-0x000dffff]
[    3.845951] Unpacking initramfs..

[    4.468935] Freeing initrd memory: 19212K
[    4.552405] clocksource: tsc: mask: 0xffffffffffffffff max_cycles: 0x19f22aa45f0, max_idle_ns: 440795269146 ns
[    4.595664] platform rtc_cmos: registered platform RTC device (no PNP device found)
[    4.596846] Scanning for low memory corruption every 60 seconds
[    4.598462] Initialise system trusted keyrings
[    4.680489] Key type blacklist registered
[    4.724327] workingset: timestamp_bits=36 max_order=19 bucket_order=0
[    4.790839] zbud: loaded
[    4.849944] squashfs: version 4.0 (2009/01/31) Phillip Lougher
[    4.896974] fuse init (API version 7.26)
[    4.915105] Key type asymmetric registered
[    4.923413] Asymmetric key parser 'x509' registered
[    4.924336] Block layer SCSI generic (bsg) driver version 0.4 loaded (major 246)
[    4.925625] io scheduler noop registered
[    4.926236] io scheduler deadline registered
[    4.926905] io scheduler cfq registered (default)
[    4.927873] ACPI: AC Adapter [AC] (off-line)
[    4.928597] input: Power Button as /devices/LNXSYSTM:00/LNXPWRBN:00/input/input0
[    4.929695] ACPI: Power Button [PWRF]
[    4.930318] input: Sleep Button as /devices/LNXSYSTM:00/LNXSLPBN:00/input/input1
[    4.931480] ACPI: Sleep Button [SLPF]
[    4.933523] ACPI: Battery Slot [BAT0] (battery present)
[    4.937038] Serial: 8250/16550 driver, 32 ports, IRQ sharing enabled
[    4.983584] 00:02: ttyS0 at I/O 0x3f8 (irq = 4, base_baud = 115200) is a 16550A
[    4.992542] Linux agpgart interface v0.103
[    5.039400] loop: module loaded
[    5.074758] scsi host0: ata_piix
[    5.139093] scsi host1: ata_piix
[    5.177004] ata1: PATA max UDMA/33 cmd 0x1f0 ctl 0x3f6 bmdma 0xd000 irq 14
[    5.177966] ata2: PATA max UDMA/33 cmd 0x170 ctl 0x376 bmdma 0xd008 irq 15
[    5.179020] libphy: Fixed MDIO Bus: probed
[    5.226998] tun: Universal TUN/TAP device driver, 1.6
[    5.255292] PPP generic driver version 2.4.2
[    5.256166] ehci_hcd: USB 2.0 'Enhanced' Host Controller (EHCI) Driver
[    5.318773] ehci-pci: EHCI PCI platform driver
[    5.383845] ehci-platform: EHCI generic platform driver
[    5.477748] ohci_hcd: USB 1.1 'Open' Host Controller (OHCI) Driver
[    5.515227] ohci-pci: OHCI PCI platform driver
[    5.517935] ohci-platform: OHCI generic platform driver
[    5.518803] uhci_hcd: USB Universal Host Controller Interface driver
[    5.519904] i8042: PNP: PS/2 Controller [PNP0303:PS2K,PNP0f03:PS2M] at 0x60,0x64 irq 1,12
[    5.521779] serio: i8042 KBD port at 0x60,0x64 irq 1
[    5.522635] serio: i8042 AUX port at 0x60,0x64 irq 12
[    5.530419] mousedev: PS/2 mouse device common for all mice
[    5.532017] input: AT Translated Set 2 keyboard as /devices/platform/i8042/serio0/input/input2
[    5.553153] rtc_cmos rtc_cmos: rtc core: registered rtc_cmos as rtc0
[    5.584318] rtc_cmos rtc_cmos: alarms up to one day, 114 bytes nvram
[    5.585292] i2c /dev entries driver
[    5.585866] device-mapper: uevent: version 1.0.3
[    5.700811] device-mapper: ioctl: 4.37.0-ioctl (2017-09-20) initialised: dm-devel@redhat.com
[    5.901660] ledtrig-cpu: registered to indicate activity on CPUs
[    6.000239] NET: Registered protocol family 10
[    6.013055] Segment Routing with IPv6
[    6.014144] NET: Registered protocol family 17
[    6.052841] Key type dns_resolver registered
[    6.053886] mce: Using 0 MCE banks
[    6.054605] RAS: Correctable Errors collector initialized.
[    6.055835] sched_clock: Marking stable (6053859066, 0)->(17166165508, -11112306442)
[    6.208873] registered taskstats version 1
[    6.209566] Loading compiled-in X.509 certificates
[    6.287090] Loaded X.509 cert 'Build time autogenerated kernel key: 1d4b83cbc5f7a3cd7e4471a5cf69d65d9314bdf5'
[    6.464700] zswap: loaded using pool lzo/zbud
[    6.504854] Key type big_key registered
[    6.572321] Key type trusted registered
[    6.618829] Key type encrypted registered
[    6.689772] AppArmor: AppArmor sha1 policy hashing enabled
[    6.692959] ima: No TPM chip found, activating TPM-bypass! (rc=-19)
[    6.812737] ima: Allocated hash algorithm: sha1
[    6.887627] evm: HMAC attrs: 0x1
[    6.924330]   Magic number: 4:145:398
[    6.928824] rtc_cmos rtc_cmos: setting system clock to 2020-09-01 21:22:15 UTC (1598995335)
[    6.930248] BIOS EDD facility v0.16 2004-Jun-25, 0 devices found
[    6.931203] EDD information not available.
[    6.936548] Freeing unused kernel image memory: 2436K
[    7.017208] Write protecting the kernel read-only data: 20480k
[    8.258115] Freeing unused kernel image memory: 2008K
[    8.259252] Freeing unused kernel image memory: 1872K
[    8.274188] x86/mm: Checked W+X mappings: passed, no W+X pages found.
[    8.842537] x86/mm: Checking user space page tables
[    8.855085] x86/mm: Checked W+X mappings: passed, no W+X pages found.
Loading, please wait...
starting version 237
[    9.878245] e1000: Intel(R) PRO/1000 Network Driver - version 7.3.21-k8-NAPI
[    9.891813] e1000: Copyright (c) 1999-2006 Intel Corporation.
[    9.995134] Fusion MPT base driver 3.04.20
[   10.044112] Copyright (c) 1999-2008 LSI Corporation
[   10.053464] AVX2 version of gcm_enc/dec engaged.
[   10.054364] AES CTR mode by8 optimization enabled
[   10.088308] Fusion MPT SPI Host driver 3.04.20
[   10.300062] input: ImExPS/2 Generic Explorer Mouse as /devices/platform/i8042/serio1/input/input4
[   10.622288] e1000 0000:00:03.0 eth0: (PCI:33MHz:32-bit) 02:81:95:49:87:ba
[   11.317267] e1000 0000:00:03.0 eth0: Intel(R) PRO/1000 Network Connection
[   12.601816] e1000 0000:00:08.0 eth1: (PCI:33MHz:32-bit) 08:00:27:71:f7:eb
[   12.644576] e1000 0000:00:08.0 eth1: Intel(R) PRO/1000 Network Connection
[   12.661082] e1000 0000:00:08.0 enp0s8: renamed from eth1
[   12.662560] mptbase: ioc0: Initiating bringup
[   12.761814] e1000 0000:00:03.0 enp0s3: renamed from eth0
[   13.665156] ioc0: LSI53C1030 A0: Capabilities={Initiator}
[   15.921828] scsi host2: ioc0: LSI53C1030 A0, FwRev=00000000h, Ports=1, MaxQ=256, IRQ=20
[   18.814729] scsi 2:0:0:0: Direct-Access     VBOX     HARDDISK         1.0  PQ: 0 ANSI: 5
[   19.864228] scsi target2:0:0: Beginning Domain Validation
[   20.846889] scsi target2:0:0: Domain Validation skipping write tests
[   21.937855] scsi target2:0:0: Ending Domain Validation
[   22.878172] scsi target2:0:0: asynchronous
[   24.104312] scsi 2:0:1:0: Direct-Access     VBOX     HARDDISK         1.0  PQ: 0 ANSI: 5
[   24.905758] scsi target2:0:1: Beginning Domain Validation
[   26.397339] random: fast init done
[   26.912789] scsi target2:0:1: Domain Validation skipping write tests
[   26.921306] scsi target2:0:1: Ending Domain Validation
[   26.922188] scsi target2:0:1: asynchronous
[   26.927014] random: systemd-udevd: uninitialized urandom read (16 bytes read)
[   26.927241] sd 2:0:0:0: [sda] 62914560 512-byte logical blocks: (32.2 GB/30.0 GiB)
[   26.983622] random: systemd-udevd: uninitialized urandom read (16 bytes read)
[   27.073622] sd 2:0:0:0: [sda] Write Protect is off
[   27.135536] sd 2:0:0:0: Attached scsi generic sg0 type 0
[   27.175268] sd 2:0:0:0: [sda] Incomplete mode parameter data
[   27.175352] sd 2:0:1:0: Attached scsi generic sg1 type 0
[   27.176222] sd 2:0:0:0: [sda] Assuming drive cache: write through
[   27.184288] random: systemd-udevd: uninitialized urandom read (16 bytes read)
[   27.205754] sd 2:0:1:0: [sdb] 20480 512-byte logical blocks: (10.5 MB/10.0 MiB)
[   27.207612]  sda: sda1
[   27.250488] sd 2:0:1:0: [sdb] Write Protect is off
[   27.251392] sd 2:0:0:0: [sda] Attached SCSI disk
[   27.323466] sd 2:0:1:0: [sdb] Incomplete mode parameter data
[   27.416427] sd 2:0:1:0: [sdb] Assuming drive cache: write through
[   27.483492] sd 2:0:1:0: [sdb] Attached SCSI disk
Begin: Loading essential drivers ... [   29.356110] raid6: sse2x1   gen()  5589 MB/s
[   29.460054] raid6: sse2x1   xor()  3253 MB/s
[   29.540075] raid6: sse2x2   gen()  7702 MB/s
[   29.588811] raid6: sse2x2   xor()  4134 MB/s
[   29.696139] raid6: sse2x4   gen()  7064 MB/s
[   29.760306] raid6: sse2x4   xor()  4503 MB/s
[   29.808138] raid6: avx2x1   gen() 11250 MB/s
[   29.916500] raid6: avx2x1   xor()  7935 MB/s
[   30.056036] raid6: avx2x2   gen() 13508 MB/s
[   30.176332] raid6: avx2x2   xor() 14935 MB/s
[   30.240273] raid6: avx2x4   gen() 19803 MB/s
[   30.300837] raid6: avx2x4   xor()  9354 MB/s
[   30.327628] raid6: using algorithm avx2x4 gen() 19803 MB/s
[   30.344065] raid6: .... xor() 9354 MB/s, rmw enabled
[   30.344749] raid6: using avx2x2 recovery algorithm
[   30.471608] xor: automatically using best checksumming function   avx       
[   30.491090] async_tx: api initialized (async)
done.
Begin: Running /scripts/init-premount ... done.
Begin: Mounting root file syste[   30.656084] Btrfs loaded, crc32c=crc32c-intel
m ... Begin: Running /scripts/local-top ... done.
Begin: Running /scripts/local-premount ... Scanning for Btrfs filesystems
done.
Warning: fsck no[   30.762690] EXT4-fs (sda1): INFO: recovery required on readonly filesystem
t present, so sk[   30.801823] EXT4-fs (sda1): write access will be enabled during recovery
ipping root file system
[   31.584017] EXT4-fs (sda1): orphan cleanup on readonly fs
[   31.610918] EXT4-fs (sda1): 5 orphan inodes deleted
[   31.620997] EXT4-fs (sda1): recovery complete
[   31.652756] EXT4-fs (sda1): mounted filesystem with ordered data mode. Opts: (null)
done.
Begin: Running /scripts/local-bottom ... done.
Begin: Running /scripts/init-bottom ... done.
[   32.290362] random: crng init done
[   32.309858] random: 7 urandom warning(s) missed due to ratelimiting
[   32.806193] ip_tables: (C) 2000-2006 Netfilter Core Team
[   32.958783] systemd[1]: systemd 237 running in system mode. (+PAM +AUDIT +SELINUX +IMA +APPARMOR +SMACK +SYSVINIT +UTMP +LIBCRYPTSETUP +GCRYPT +GNUTLS +ACL +XZ +LZ4 +SECCOMP +BLKID +ELFUTILS +KMOD -IDN2 +IDN -PCRE2 default-hierarchy=hybrid)
[   32.999218] systemd[1]: Detected virtualization oracle.
[   33.000003] systemd[1]: Detected architecture x86-64.

Welcome to [1mUbuntu 18.04.5 LTS[0m!

[   33.102035] systemd[1]: Set hostname to <ubuntu-bionic>.
[   35.125864] systemd[1]: Reached target Swap.
[[0;32m  OK  [0m] Reached target Swap.
[   35.280809] systemd[1]: Started Forward Password Requests to Wall Directory Watch.
[[0;32m  OK  [0m] Started Forward Password Requests to Wall Directory Watch.
[   35.408557] systemd[1]: Reached target User and Group Name Lookups.
[[0;32m  OK  [0m] Reached target User and Group Name Lookups.
[   35.529609] systemd[1]: Set up automount Arbitrary Executable File Formats File System Automount Point.
[[0;32m  OK  [0m] Set up automount Arbitrary Executab…rmats File System Automount Point.
[   35.659793] systemd[1]: Created slice System Slice.
[[0;32m  OK  [0m] Created slice System Slice.
[   35.752958] systemd[1]: Listening on Device-mapper event daemon FIFOs.
[[0;32m  OK  [0m] Listening on Device-mapper event daemon FIFOs.
[[0;32m  OK  [0m] Created slice system-serial\x2dgetty.slice.
[[0;32m  OK  [0m] Listening on LVM2 metadata daemon socket.
[[0;32m  OK  [0m] Listening on udev Kernel Socket.
[[0;32m  OK  [0m] Listening on /dev/initctl Compatibility Named Pipe.
[[0;32m  OK  [0m] Listening on LVM2 poll daemon socket.
[[0;32m  OK  [0m] Listening on udev Control Socket.
[[0;32m  OK  [0m] Listening on Syslog Socket.
[[0;32m  OK  [0m] Listening on Journal Audit Socket.
[[0;32m  OK  [0m] Listening on Journal Socket.
         Mounting POSIX Message Queue File System...
         Starting udev Coldplug all Devices...
         Mounting Kernel Debug File System...
         Starting Uncomplicated firewall...
         Starting Create list of required st…ce nodes for the current kernel...
         Starting Remount Root and Kernel File Systems...
         Startin[   36.477033] EXT4-fs (sda1): re-mounted. Opts: (null)
g Load Kernel Modules...
[[0;32m  OK  [[   36.566641] Loading iSCSI transport class v2.0-870.
0m] Reached target System Time S[   36.680950] iscsi: registered transport (tcp)
ynchronized.
[[0;32m  OK  [0m] Listening on Journal Socket (/dev/log).
         Starting Journal Service...
         Starting Set the console keyboard layout...
         Mounting Huge Pages File System...
[[0;32m  OK  [0m] Listening on Network Service Netlink Socket.
         Starting Monitoring of LVM2 mirrors…ng dmeventd or progress polling...
[[0;32m  OK  [0m] Created slice User and Session Slice.
[   36.848593] iscsi: registered transport (iser)
[[0;32m  OK  [0m] Reached target Slices.
[[0;32m  OK  [0m] Mounted POSIX Message Queue File System.
[[0;32m  OK  [0m] Mounted Kernel Debug File System.
[[0;32m  OK  [0m] Started Uncomplicated firewall.
[[0;32m  OK  [0m] Started Create list of required sta…vice nodes for the current kernel.
[[0;32m  OK  [0m] Started Journal Service.
[[0;32m  OK  [0m] Started Remount Root and Kernel File Systems.
[[0;32m  OK  [0m] Started Load Kernel Modules.
[[0;32m  OK  [0m] Mounted Huge Pages File System.
[[0;32m  OK  [0m] Started udev Coldplug all Devices.
[[0;32m  OK  [0m] Started LVM2 metadata daemon.
         Starting Apply Kernel Variables...
         Mounting FUSE Control File System...
         Mounting Kernel Configuration File System...
         Starting Load/Save Random Seed...
         Starting Flush Journal to Persistent Storage...
         Starting Create Static Device Nodes in /dev...
[[0;32m  OK  [0m] Mounted FUSE Control File System.
[[0;32m  OK  [0m] Started Monitoring of LVM2 mirrors,…sing dmeventd or progress polling.
[[0;32m  OK  [0m] Mounted Kernel Configuration File System.
[[0;32m  OK  [0m] Started Apply Kernel Variables.
[[0;32m  OK  [0m] Started Load/Save Random Seed.
[[0;32m  OK  [0m] Started Create Static Device Nodes in /dev.
         Starting udev Kernel Device Manager...
[[0;32m  OK  [0m] Started udev Kernel Device Manager.
[[0;32m  OK  [0m] Started Flush Journal to Persistent Storage.
[[0;32m  OK  [0m] Found device /dev/ttyS0.
[[0;32m  OK  [0m] Listening on Load/Save RF Kill Switch Status /dev/rfkill Watch.
[[0;32m  OK  [0m] Started Set the console keyboard layout.
[[0;32m  OK  [0m] Started Dispatch Password Requests to Console Directory Watch.
[[0;32m  OK  [0m] Reached target Local Encrypted Volumes.
[[0;32m  OK  [0m] Reached target Local File Systems (Pre).
         Mounting /configs...
         Mounting /vagrant...
[[0;32m  OK  [0m] Reached target Local File Systems.
         Starting ebtables ruleset management...
         Starting Tell Plymouth To Write Out Runtime Data...
         Starting AppArmor initialization...
         Starting Set console font and keymap...
         Starting Create Volatile Files and Directories...
[[0;32m  OK  [0m] Mounted /configs.
[[0;32m  OK  [0m] Mounted /vagrant.
[[0;32m  OK  [0m] Started Tell Plymouth To Write Out Runtime Data.
[[0;32m  OK  [0m] Started Set console font and keymap.
[[0;32m  OK  [0m] Started Create Volatile Files and Directories.
         Starting Update UTMP about System Boot/Shutdown...
[[0;32m  OK  [0m] Started Update UTMP about System Boot/Shutdown.
[[0;32m  OK  [0m] Started ebtables ruleset management.
[[0;32m  OK  [0m] Started AppArmor initialization.
         Starting Load AppArmor profiles managed internally by snapd...
         Starting Initial cloud-init job (pre-networking)...
[[0;32m  OK  [0m] Started Load AppArmor profiles managed internally by snapd.
[   44.388233] cloud-init[748]: Cloud-init v. 20.2-45-g5f7825e2-0ubuntu1~18.04.1 running 'init-local' at Tue, 01 Sep 2020 21:22:52 +0000. Up 43.76 seconds.
[[0;32m  OK  [0m] Started Initial cloud-init job (pre-networking).
[[0;32m  OK  [0m] Reached target Network (Pre).
         Starting Network Service...
[[0;32m  OK  [0m] Started Network Service.
         Starting Wait for Network to be Configured...
         Starting Network Name Resolution...
[[0;32m  OK  [0m] Started Network Name Resolution.
[[0;32m  OK  [0m] Reached target Host and Network Name Lookups.
[[0;32m  OK  [0m] Reached target Network.
[[0;32m  OK  [0m] Started Wait for Network to be Configured.
         Starting Initial cloud-init job (metadata service crawler)...
[   47.063446] cloud-init[871]: Cloud-init v. 20.2-45-g5f7825e2-0ubuntu1~18.04.1 running 'init' at Tue, 01 Sep 2020 21:22:55 +0000. Up 46.81 seconds.
[   47.177045] cloud-init[871]: ci-info: ++++++++++++++++++++++++++++++++++++++Net device info+++++++++++++++++++++++++++++++++++++++
[   47.284421] cloud-init[871]: ci-info: +--------+------+-----------------------------+---------------+--------+-------------------+
[   47.303742] cloud-init[871]: ci-info: | Device |  Up  |           Address           |      Mask     | Scope  |     Hw-Address    |
[   47.344162] cloud-init[871]: ci-info: +--------+------+-----------------------------+---------------+--------+-------------------+
[   47.351981] cloud-init[871]: ci-info: | enp0s3 | True |          10.0.2.15          | 255.255.255.0 | global | 02:81:95:49:87:ba |
[   47.395941] cloud-init[871]: ci-info: | enp0s3 | True |  fe80::81:95ff:fe49:87ba/64 |       .       |  link  | 02:81:95:49:87:ba |
[   47.406885] cloud-init[871]: ci-info: | enp0s8 | True |        192.168.33.10        | 255.255.255.0 | global | 08:00:27:71:f7:eb |
[   47.429000] cloud-init[871]: ci-info: | enp0s8 | True | fe80::a00:27ff:fe71:f7eb/64 |       .       |  link  | 08:00:27:71:f7:eb |
[   47.452530] cloud-init[871]: ci-info: |   lo   | True |          127.0.0.1          |   255.0.0.0   |  host  |         .         |
[   47.468620] cloud-init[871]: ci-info: |   lo   | True |           ::1/128           |       .       |  host  |         .         |
[   47.500882] cloud-init[871]: ci-info: +--------+------+-----------------------------+---------------+--------+-------------------+
[   47.503503] cloud-init[871]: ci-info: +++++++++++++++++++++++++++++Route IPv4 info+++++++++++++++++++++++++++++
[   47.516823] cloud-init[871]: ci-info: +-------+--------------+----------+-----------------+-----------+-------+
[   47.551442] cloud-init[871]: ci-info: | Route | Destination  | Gateway  |     Genmask     | Interface | Flags |
[   47.563488] cloud-init[871]: ci-info: +-------+--------------+----------+-----------------+-----------+-------+
[[   47.600265] cloud-init[871]: ci-info: |   0   |   0.0.0.0    | 10.0.2.2 |     0.0.0.0     |   enp0s3  |   UG  |
[   47.600436] cloud-init[871]: ci-info: |   1   |   10.0.2.0   | 0.0.0.0  |  255.255.255.0  |   enp0s3  |   U   |
[   47.601355] cloud-init[871]: ci-info: |   2   |   10.0.2.2   | 0.0.0.0  | 255.255.255.255 |   enp0s3  |   UH  |
[0;32m  OK  [0m] Started Initial cloud-init job (metadata service crawler).
[   47.601796] cloud-init[871]: ci-info: |   3   | 192.168.33.0 | 0.0.0.0  |  255.255.255.0  |   enp0s8  |   U   |
[   47.640478] cloud-init[871]: ci-info: +-------+--------------+----------+-----------------+-----------+-------+
[   47.642534] cloud-init[871]: ci-info: +++++++++++++++++++Route IPv6 info+++++++++++++++++++
[[   47.644266] cloud-init[871]: ci-info: +-------+-------------+---------+-----------+-------+
[   47.644503] cloud-init[871]: ci-info: | Route | Destination | Gateway | Interface | Flags |
[   47.645228] cloud-init[871]: ci-info: +-------+-------------+---------+-----------+-------+
[0;32m  OK  [0m] Reached target System Initialization.
[   47.645514] cloud-init[871]: ci-info: |   1   |  fe80::/64  |    ::   |   enp0s8  |   U   |
[   47.721128] cloud-init[871]: ci-info: |   2   |  fe80::/64  |    ::   |   enp0s3  |   U   |
[[0;32m  OK  [0m] Listening on ACPID Listen Socket.
[   47.730235] [[0;32m  OK  [0m] Listening on Open-iSCSI iscsid Socket.
[[0;32m  OK  [0m] Listening on UUID daemon activation socket.
[[0;32m  OK  [0m] Listening on D-Bus System Message Bus Socket.
cloud-init[871]: ci-info: |   4   |    local    |    ::   |   enp0s3  |   U   |
[   47.752639] cloud-init[871]: ci-info: |   5   |    local    |    ::   |   enp0s8  |   U   |
[[0;32m  OK  [0m] Started ACPI Events Check.
[   47.774530] [[0;32m  OK  [0m] Reached target Paths.
         Starting Socket activation for snappy daemon.
cloud-init[871]: ci-info: |   6   |   ff00::/8  |    ::   |   enp0s8  |   U   |
         Starting LXD - unix socket.
[   47.839225] cloud-init[871]: ci-info: |   7   |   ff00::/8  |    ::   |   enp0s3  |   U   |
[   47.842093] cloud-init[871]: ci-info: +-------+-------------+---------+-----------+-------+
[[0;32m  OK  [0m] Started Daily apt download activities.
[[0;32m  OK  [0m] Started Daily apt upgrade and clean activities.
[[0;32m  OK  [0m] Started Daily Cleanup of Temporary Directories.
[[0;32m  OK  [0m] Started Discard unused blocks once a week.
         Starting Docker Socket for the API.
[[0;32m  OK  [0m] Started Message of the Day.
[[0;32m  OK  [0m] Reached target Timers.
[[0;32m  OK  [0m] Reached target Network is Online.
         Starting Availability of block devices...
[[0;32m  OK  [0m] Reached target Remote File Systems (Pre).
[[0;32m  OK  [0m] Reached target Remote File Systems.
[[0;32m  OK  [0m] Reached target Cloud-config availability.
[[0;32m  OK  [0m] Listening on Socket activation for snappy daemon.
[[0;32m  OK  [0m] Listening on LXD - unix socket.
[[0;32m  OK  [0m] Listening on Docker Socket for the API.
[[0;32m  OK  [0m] Started Availability of block devices.
[[0;32m  OK  [0m] Reached target Sockets.
[[0;32m  OK  [0m] Reached target Basic System.
         Starting Virtualbox guest utils...
         Starting LSB: Record successful boot for GRUB...
         Starting Login Service...
         Starting MySQL Community Server...
[[0;32m  OK  [0m] Started FUSE filesystem for LXC.
[[0;32m  OK  [0m] Started Regular background program processing daemon.
         Starting Message of the Day...
[[0;32m  OK  [0m] Started Deferred execution scheduler.
[[0;32m  OK  [0m] Started D-Bus System Message Bus.
         Starting LSB: automatic crash report generation...
         Starting LXD - container startup/shutdown...
         Starting LSB: Linux init script for swapspace...
[[0;32m  OK  [0m] Started irqbalance daemon.
         Starting Permit User Sessions...
         Starting Accounts Service...
         Starting System Logging Service...
         Starting OpenBSD Secure Shell server...
         Starting containerd container runtime...
         Starting Dispatcher daemon for systemd-networkd...
         Starting Snap Daemon...
[[0;32m  OK  [0m] Started System Logging Service.
[[0;32m  OK  [0m] Started Permit User Sessions.
[[0;32m  OK  [0m] Started containerd container runtime.
[[0;32m  OK  [0m] Started Login Service.
[[0;32m  OK  [0m] Started LSB: Linux init script for swapspace.
         Starting Authorization Manager...
[[0;32m  OK  [0m] Started Unattended Upgrades Shutdown.
         Starting Docker Application Container Engine...
         Starting Terminate Plymouth Boot Screen...
         Starting Hold until boot process finishes up...
[[0;32m  OK  [0m] Started Hold until boot process finishes up.
[[0;32m  OK  [0m] Started Serial Getty on ttyS0.
         Starting Set console scheme...
[[0;32m  OK  [0m] Started Terminate Plymouth Boot Screen.
[[0;32m  OK  [0m] Started LSB: automatic crash report generation.
[[0;32m  OK  [0m] Started Set console scheme.
[[0;32m  OK  [0m] Created slice system-getty.slice.
[[0;32m  OK  [0m] Started Getty on tty1.
[[0;32m  OK  [0m] Reached target Login Prompts.
[[0;32m  OK  [0m] Started Authorization Manager.
[[0;32m  OK  [0m] Started Accounts Service.
[[0;32m  OK  [0m] Started LSB: Record successful boot for GRUB.
[[0;32m  OK  [0m] Started Virtualbox guest utils.
[[0;32m  OK  [0m] Started OpenBSD Secure Shell server.
[[0;32m  OK  [0m] Started Dispatcher daemon for systemd-networkd.
[[0;32m  OK  [0m] Created slice User Slice of vagrant.
         Starting User Manager for UID 1000...
[[0;32m  OK  [0m] Started Session 1 of user vagrant.
[[0;32m  OK  [0m] Started LXD - container startup/shutdown.

Ubuntu 18.04.5 LTS ubuntu-bionic ttyS0

ubuntu-bionic login: [   60.639635] cloud-init[1646]: Cloud-init v. 20.2-45-g5f7825e2-0ubuntu1~18.04.1 running 'modules:config' at Tue, 01 Sep 2020 21:23:08 +0000. Up 60.31 seconds.
[   63.991463] cloud-init[1995]: Cloud-init v. 20.2-45-g5f7825e2-0ubuntu1~18.04.1 running 'modules:final' at Tue, 01 Sep 2020 21:23:12 +0000. Up 63.72 seconds.
[   63.994839] cloud-init[1995]: Cloud-init v. 20.2-45-g5f7825e2-0ubuntu1~18.04.1 finished at Tue, 01 Sep 2020 21:23:12 +0000. Datasource DataSourceNoCloud [seed=/dev/sdb][dsmode=net].  Up 63.97 seconds
